<?xml version="1.0" encoding="UTF-8"?>
<!-- Generated by org.testng.reporters.JUnitReportReporter -->
<testsuite hostname="MININT-86R5IFB" failures="0" tests="6" name="com.testng.tests.RandomScenariosTest" time="60.251" errors="0" timestamp="2023-12-02T19:34:48 EST" skipped="0">
  <testcase classname="com.testng.tests.RandomScenariosTest" name="HomeTabFirstNameLastNameLink" time="8.789"/>
  <testcase classname="com.testng.tests.RandomScenariosTest" name="HomeTabEditLastName" time="9.771"/>
  <testcase classname="com.testng.tests.RandomScenariosTest" name="TabCustomization" time="9.072"/>
  <testcase classname="com.testng.tests.RandomScenariosTest" name="verificationofTabbar" time="4.653"/>
  <testcase classname="com.testng.tests.RandomScenariosTest" name="AddingEventInTheCalender" time="11.115"/>
  <testcase classname="com.testng.tests.RandomScenariosTest" name="EventInTheCalenderWithWeeklyRecurrence" time="16.851"/>
</testsuite> <!-- com.testng.tests.RandomScenariosTest -->
