<?xml version="1.0" encoding="UTF-8"?>
<!-- Generated by org.testng.reporters.JUnitReportReporter -->
<testsuite hostname="MININT-86R5IFB" failures="0" tests="5" name="com.testng.tests.Loginsalesforcetest" time="22.954" errors="0" timestamp="2023-11-20T17:07:46 EST" skipped="0">
  <testcase classname="com.testng.tests.Loginsalesforcetest" name="loginapplicationwithoutpassword" time="2.907"/>
  <testcase classname="com.testng.tests.Loginsalesforcetest" name="invalidusernameandpassword" time="2.720"/>
  <testcase classname="com.testng.tests.Loginsalesforcetest" name="loginapplication" time="4.823"/>
  <testcase classname="com.testng.tests.Loginsalesforcetest" name="checkrememberme" time="9.537"/>
  <testcase classname="com.testng.tests.Loginsalesforcetest" name="forgotpassword" time="2.967"/>
</testsuite> <!-- com.testng.tests.Loginsalesforcetest -->
