<?xml version="1.0" encoding="UTF-8"?>
<!-- Generated by org.testng.reporters.JUnitReportReporter -->
<testsuite hostname="MININT-86R5IFB" failures="0" tests="1" name="com.testng.tests.OpportunitiesTest" time="8.502" errors="0" timestamp="2023-11-20T16:58:00 EST" skipped="0">
  <testcase classname="com.testng.tests.OpportunitiesTest" name="opportunitiesdropdown" time="8.502"/>
</testsuite> <!-- com.testng.tests.OpportunitiesTest -->
