<?xml version="1.0" encoding="UTF-8"?>
<!-- Generated by org.testng.reporters.JUnitReportReporter -->
<testsuite hostname="MININT-86R5IFB" failures="0" tests="1" name="com.testng.tests.Usermenusalesforcetest" time="8.192" errors="0" timestamp="2023-12-07T17:16:09 EST" skipped="0">
  <testcase classname="com.testng.tests.Usermenusalesforcetest" name="usermenudropdown" time="8.192"/>
</testsuite> <!-- com.testng.tests.Usermenusalesforcetest -->
