<?xml version="1.0" encoding="UTF-8"?>
<!-- Generated by org.testng.reporters.JUnitReportReporter -->
<testsuite hostname="MININT-86R5IFB" failures="0" tests="2" name="com.testng.tests.RandomScenariosTest" time="15.061" errors="0" timestamp="2023-11-26T14:48:28 EST" skipped="0">
  <testcase classname="com.testng.tests.RandomScenariosTest" name="verificationofTabbar" time="7.317"/>
  <testcase classname="com.testng.tests.RandomScenariosTest" name="TabCustomization" time="7.744"/>
</testsuite> <!-- com.testng.tests.RandomScenariosTest -->
