<?xml version="1.0" encoding="UTF-8"?>
<!-- Generated by org.testng.reporters.JUnitReportReporter -->
<testsuite hostname="MININT-86R5IFB" failures="0" tests="1" name="com.testng.tests.LeadsTest" time="7.673" errors="0" timestamp="2023-11-20T17:35:39 EST" skipped="0">
  <testcase classname="com.testng.tests.LeadsTest" name="Leadsview" time="7.673"/>
</testsuite> <!-- com.testng.tests.LeadsTest -->
