<?xml version="1.0" encoding="UTF-8"?>
<!-- Generated by org.testng.reporters.JUnitReportReporter -->
<testsuite hostname="MININT-86R5IFB" failures="0" tests="5" name="com.testng.tests.Loginsalesforcetest" time="34.336" errors="0" timestamp="2024-01-15T11:57:37 EST" skipped="0">
  <testcase classname="com.testng.tests.Loginsalesforcetest" name="loginapplicationwithoutpassword" time="11.212"/>
  <testcase classname="com.testng.tests.Loginsalesforcetest" name="loginapplication" time="5.631"/>
  <testcase classname="com.testng.tests.Loginsalesforcetest" name="invalidusernameandpassword" time="3.632"/>
  <testcase classname="com.testng.tests.Loginsalesforcetest" name="checkrememberme" time="10.686"/>
  <testcase classname="com.testng.tests.Loginsalesforcetest" name="forgotpassword" time="3.175"/>
</testsuite> <!-- com.testng.tests.Loginsalesforcetest -->
