<?xml version="1.0" encoding="UTF-8"?>
<!-- Generated by org.testng.reporters.JUnitReportReporter -->
<testsuite hostname="MININT-86R5IFB" failures="0" tests="1" name="com.testng.tests.RandomScenariosTest" time="17.332" errors="0" timestamp="2023-12-07T19:04:22 EST" skipped="0">
  <testcase classname="com.testng.tests.RandomScenariosTest" name="EventInTheCalenderWithWeeklyRecurrence" time="17.332"/>
</testsuite> <!-- com.testng.tests.RandomScenariosTest -->
