<?xml version="1.0" encoding="UTF-8"?>
<!-- Generated by org.testng.reporters.JUnitReportReporter -->
<testsuite hostname="MININT-86R5IFB" failures="0" tests="5" name="com.testng.tests.AccountsTest" time="67.923" errors="0" timestamp="2023-11-20T18:33:00 EST" skipped="0">
  <testcase classname="com.testng.tests.AccountsTest" name="createnewview" time="7.593"/>
  <testcase classname="com.testng.tests.AccountsTest" name="createAccountReport" time="10.936"/>
  <testcase classname="com.testng.tests.AccountsTest" name="mergeAccounts" time="10.811"/>
  <testcase classname="com.testng.tests.AccountsTest" name="createanaccount" time="16.429"/>
  <testcase classname="com.testng.tests.AccountsTest" name="Editview" time="22.154"/>
</testsuite> <!-- com.testng.tests.AccountsTest -->
