<?xml version="1.0" encoding="UTF-8"?>
<!-- Generated by org.testng.reporters.JUnitReportReporter -->
<testsuite hostname="MININT-86R5IFB" failures="0" tests="1" name="com.testng.tests.Loginsalesforcetest" time="11.027" errors="0" timestamp="2023-12-03T15:59:15 EST" skipped="0">
  <testcase classname="com.testng.tests.Loginsalesforcetest" name="loginapplication" time="11.027"/>
</testsuite> <!-- com.testng.tests.Loginsalesforcetest -->
