<?xml version="1.0" encoding="UTF-8"?>
<!-- Generated by org.testng.reporters.JUnitReportReporter -->
<testsuite hostname="MININT-86R5IFB" failures="0" tests="1" name="com.testng.tests.usermenusalesforcetest" time="7.825" errors="0" timestamp="2023-11-20T16:51:55 EST" skipped="0">
  <testcase classname="com.testng.tests.usermenusalesforcetest" name="usermenudropdown" time="7.825"/>
</testsuite> <!-- com.testng.tests.usermenusalesforcetest -->
